<?xml version="1.0" encoding="UTF-8"?>
<testsuite xmlns:xsi="http://www.w3.org/2001/XMLSchema-instance" xsi:noNamespaceSchemaLocation="https://maven.apache.org/surefire/maven-surefire-plugin/xsd/surefire-test-report-3.0.xsd" version="3.0" name="NilaiMahasiswa.GetNilaiAkhirTest" time="0.042" tests="15" errors="0" skipped="0" failures="0">
  <properties>
[...]
</properties>
  <testcase name="testGetNilaiAkhir(float, float, float, float, String)[1]" classname="NilaiMahasiswa.GetNilaiAkhirTest" time="0.011"/>
  <testcase name="testGetNilaiAkhir(float, float, float, float, String)[2]" classname="NilaiMahasiswa.GetNilaiAkhirTest" time="0.002"/>
  <testcase name="testGetNilaiAkhir(float, float, float, float, String)[3]" classname="NilaiMahasiswa.GetNilaiAkhirTest" time="0.002"/>
  <testcase name="testGetNilaiAkhir(float, float, float, float, String)[4]" classname="NilaiMahasiswa.GetNilaiAkhirTest" time="0.0"/>
  <testcase name="testGetNilaiAkhir(float, float, float, float, String)[5]" classname="NilaiMahasiswa.GetNilaiAkhirTest" time="0.003"/>
  <testcase name="testGetNilaiAkhir(float, float, float, float, String)[6]" classname="NilaiMahasiswa.GetNilaiAkhirTest" time="0.002"/>
  <testcase name="testGetNilaiAkhir(float, float, float, float, String)[7]" classname="NilaiMahasiswa.GetNilaiAkhirTest" time="0.002"/>
  <testcase name="testGetNilaiAkhir(float, float, float, float, String)[8]" classname="NilaiMahasiswa.GetNilaiAkhirTest" time="0.002"/>
  <testcase name="testGetNilaiAkhir(float, float, float, float, String)[9]" classname="NilaiMahasiswa.GetNilaiAkhirTest" time="0.0"/>
  <testcase name="testGetNilaiAkhir(float, float, float, float, String)[10]" classname="NilaiMahasiswa.GetNilaiAkhirTest" time="0.0"/>
  <testcase name="testGetNilaiAkhir(float, float, float, float, String)[11]" classname="NilaiMahasiswa.GetNilaiAkhirTest" time="0.0"/>
  <testcase name="testGetNilaiAkhir(float, float, float, float, String)[12]" classname="NilaiMahasiswa.GetNilaiAkhirTest" time="0.0"/>
  <testcase name="testGetNilaiAkhir(float, float, float, float, String)[13]" classname="NilaiMahasiswa.GetNilaiAkhirTest" time="0.005"/>
  <testcase name="testGetNilaiAkhir(float, float, float, float, String)[14]" classname="NilaiMahasiswa.GetNilaiAkhirTest" time="0.0"/>
  <testcase name="testGetNilaiAkhir(float, float, float, float, String)[15]" classname="NilaiMahasiswa.GetNilaiAkhirTest" time="0.0"/>
</testsuite>